<?xml version="1.0" encoding="UTF-8"?>
<!-- Generated by org.testng.reporters.JUnitReportReporter -->
<testsuite hostname="DESKTOP-N8D659R" failures="0" tests="3" name="TestNg.ChronicalOrder1" time="0.081" errors="0" timestamp="2024-10-09T10:06:30 IST" skipped="0">
  <testcase classname="TestNg.ChronicalOrder1" name="TestScript2" time="0.027"/>
  <testcase classname="TestNg.ChronicalOrder1" name="TestScript1" time="0.045"/>
  <testcase classname="TestNg.ChronicalOrder1" name="TestScript3" time="0.009"/>
</testsuite> <!-- TestNg.ChronicalOrder1 -->
