<?xml version="1.0" encoding="UTF-8"?>
<!-- Generated by org.testng.reporters.JUnitReportReporter -->
<testsuite hostname="DESKTOP-N8D659R" failures="0" tests="1" name="TestCaseExecution.RCB" time="61.605" errors="0" timestamp="2024-10-08T09:02:32 IST" skipped="0">
  <testcase classname="TestCaseExecution.RCB" name="RCB" time="61.605"/>
</testsuite> <!-- TestCaseExecution.RCB -->
