<?xml version="1.0" encoding="UTF-8"?>
<!-- Generated by org.testng.reporters.JUnitReportReporter -->
<testsuite hostname="DESKTOP-N8D659R" failures="0" tests="1" name="TestNg.LaunchTheBrowser" time="12.949" errors="0" timestamp="2024-10-08T09:12:28 IST" skipped="0">
  <testcase classname="TestNg.LaunchTheBrowser" name="main" time="12.949"/>
</testsuite> <!-- TestNg.LaunchTheBrowser -->
