<?xml version="1.0" encoding="UTF-8"?>
<!-- Generated by org.testng.reporters.JUnitReportReporter -->
<testsuite hostname="DESKTOP-N8D659R" failures="0" tests="1" name="TestNg.ChronicalOrder" time="0.019" errors="0" timestamp="2024-10-09T08:51:53 IST" skipped="0">
  <testcase classname="TestNg.ChronicalOrder" name="TestScript" time="0.019"/>
</testsuite> <!-- TestNg.ChronicalOrder -->
